MiApp/app/build/intermediates/manifest_merge_blame_file/debug/manifest-merger-blame-debug-report.txt
1<?xml version="1.0" encoding="utf-8"?>
2<manifest xmlns:android="http://schemas.android.com/apk/res/android"
3    package="com.example.a1erparcial"
4    android:versionCode="1"
5    android:versionName="1.0" >
6
7    <uses-sdk
8        android:minSdkVersion="24"
8-->src\main\AndroidManifest.xml
9        android:targetSdkVersion="29" />
9-->src\main\AndroidManifest.xml
10
11    <application
11-->src\main\AndroidManifest.xml:5:5-33:19
12        android:allowBackup="true"
12-->src\main\AndroidManifest.xml:6:9-35
13        android:appComponentFactory="androidx.core.app.CoreComponentFactory"
13-->[androidx.core:core:1.2.0] AndroidManifest.xml:24:18-86
14        android:debuggable="true"
15        android:extractNativeLibs="false"
16        android:icon="@mipmap/ic_launcher"
16-->src\main\AndroidManifest.xml:7:9-43
17        android:label="@string/app_name"
17-->src\main\AndroidManifest.xml:8:9-41
18        android:roundIcon="@mipmap/ic_launcher_round"
18-->src\main\AndroidManifest.xml:9:9-54
19        android:supportsRtl="true"
19-->src\main\AndroidManifest.xml:10:9-35
20        android:testOnly="true"
21        android:theme="@style/AppTheme" >
21-->src\main\AndroidManifest.xml:11:9-40
22        <activity android:name="com.example.a1erparcial.DatosAdivina" />
22-->src\main\AndroidManifest.xml:12:9-59
22-->src\main\AndroidManifest.xml:12:19-47
23        <activity android:name="com.example.a1erparcial.DatosContador" />
23-->src\main\AndroidManifest.xml:13:9-51
23-->src\main\AndroidManifest.xml:13:19-48
24        <activity android:name="com.example.a1erparcial.ComoJugarContador" />
24-->src\main\AndroidManifest.xml:14:9-55
24-->src\main\AndroidManifest.xml:14:19-52
25        <activity android:name="com.example.a1erparcial.ComoJugarNumSecret" />
25-->src\main\AndroidManifest.xml:15:9-56
25-->src\main\AndroidManifest.xml:15:19-53
26        <activity android:name="com.example.a1erparcial.NumeroSecreto" />
26-->src\main\AndroidManifest.xml:16:9-51
26-->src\main\AndroidManifest.xml:16:19-48
27        <activity android:name="com.example.a1erparcial.Contador" />
27-->src\main\AndroidManifest.xml:17:9-46
27-->src\main\AndroidManifest.xml:17:19-43
28        <activity android:name="com.example.a1erparcial.Menu" />
28-->src\main\AndroidManifest.xml:18:9-42
28-->src\main\AndroidManifest.xml:18:19-39
29        <activity android:name="com.example.a1erparcial.Registro" />
29-->src\main\AndroidManifest.xml:19:9-46
29-->src\main\AndroidManifest.xml:19:19-43
30        <activity
30-->src\main\AndroidManifest.xml:20:9-28:20
31            android:name="com.example.a1erparcial.MainActivity"
31-->src\main\AndroidManifest.xml:21:13-41
32            android:theme="@style/SplashTheme" >
32-->src\main\AndroidManifest.xml:22:13-47
33            <intent-filter>
33-->src\main\AndroidManifest.xml:23:13-27:29
34                <action android:name="android.intent.action.MAIN" />
34-->src\main\AndroidManifest.xml:24:17-69
34-->src\main\AndroidManifest.xml:24:25-66
35
36                <category android:name="android.intent.category.LAUNCHER" />
36-->src\main\AndroidManifest.xml:26:17-77
36-->src\main\AndroidManifest.xml:26:27-74
37            </intent-filter>
38        </activity>
39
40        <meta-data
40-->src\main\AndroidManifest.xml:30:9-32:57
41            android:name="preloaded_fonts"
41-->src\main\AndroidManifest.xml:31:13-43
42            android:resource="@array/preloaded_fonts" />
42-->src\main\AndroidManifest.xml:32:13-54
43    </application>
44
45</manifest>